2023-01-06 13:46:08.248 +00:00 [INF] Started ResultsTree
2023-01-06 13:46:42.355 +00:00 [INF] Detected internet connection
2023-01-06 13:46:42.373 +00:00 [INF] Checking web for sign in page
2023-01-06 13:46:45.706 +00:00 [INF] Authorization code: 4/0AWgavdevgOR92ICeYIbQ9ctQCnVraSG_0Xr9Daf4o5ndIXtt8YOARzt2u_5E05It_-sW0w
2023-01-06 13:46:45.710 +00:00 [INF] Checking authentication tokens
2023-01-06 13:46:46.088 +00:00 [INF] {
  "access_token": "ya29.a0AX9GBdUfpUHJpH5kmzAmpOpVYFRW01Bcw5cgGG01DakcpD--1yCwnlGiJv-15TGlOeQVjY9jpa5AtKBK2-9891H9_JvVZux9Ece9M76TU7lvWg17iERC2QWF-C-9vQP9hz3EgTFYAPUwZAXvjpleeHA7DOe2aCgYKAUISARISFQHUCsbCFvGpaO-0XQe9sUIIAj-szg0163",
  "expires_in": 3599,
  "refresh_token": "1//03UcQLNgXi9EUCgYIARAAGAMSNwF-L9Ir_ebSJfnfopc0fXGZigZ12MmSCr67Uznx_A8yyjBtHmB62yCXXrIbWpF5ZqwCL0WB9G8",
  "scope": "openid https://www.googleapis.com/auth/userinfo.email https://www.googleapis.com/auth/userinfo.profile",
  "token_type": "Bearer",
  "id_token": "eyJhbGciOiJSUzI1NiIsImtpZCI6IjhlMGFjZjg5MWUwOTAwOTFlZjFhNWU3ZTY0YmFiMjgwZmQxNDQ3ZmEiLCJ0eXAiOiJKV1QifQ.eyJpc3MiOiJodHRwczovL2FjY291bnRzLmdvb2dsZS5jb20iLCJhenAiOiI0MTUxODM2MTI3MTMtZmNnMDRodDhuZ3Nobml0ZWluMGI0cm1raDc2YzJqaGEuYXBwcy5nb29nbGV1c2VyY29udGVudC5jb20iLCJhdWQiOiI0MTUxODM2MTI3MTMtZmNnMDRodDhuZ3Nobml0ZWluMGI0cm1raDc2YzJqaGEuYXBwcy5nb29nbGV1c2VyY29udGVudC5jb20iLCJzdWIiOiIxMTU0NDc3NTYxNjcyMTI2NTY0MjAiLCJoZCI6InNvbGlyaXVzLmNvbSIsImVtYWlsIjoidGltLmNvb2tlQHNvbGlyaXVzLmNvbSIsImVtYWlsX3ZlcmlmaWVkIjp0cnVlLCJhdF9oYXNoIjoiUXB5Sy1tT2M4S2pVR2RZZ09lZWhfQSIsIm5hbWUiOiJUaW0gQ29va2UiLCJwaWN0dXJlIjoiaHR0cHM6Ly9saDMuZ29vZ2xldXNlcmNvbnRlbnQuY29tL2EvQUVkRlRwNFB6ZEQ4aThaYkt6WFhHVHJWSERfQjlJcExwUm5XMjlPY3pHYkM9czk2LWMiLCJnaXZlbl9uYW1lIjoiVGltIiwiZmFtaWx5X25hbWUiOiJDb29rZSIsImxvY2FsZSI6ImVuLUdCIiwiaWF0IjoxNjczMDEyODA2LCJleHAiOjE2NzMwMTY0MDZ9.rOLieXAUnHoHOlcnBe_hrkioA5cY-MTqlN-C-Grft88BY9e96VwZS5cvXVCu45rapifIBmqnXOc1ZDZe4EkH4EsKLnz4inrUTaKGh3rbwSi1dhGpOGR2p79cFRdcpRcCQK64yfbh_78DKyYbyL_ZJsTr6f1auW8rr69kMIRI5GxXyGGtfa3QReuDYQ1gCMOWdALzT_i8OGr_W7CU0bwMsv4Med3zOU0ZaGMYuPo6f3lYn5MOjkbJIjWqD2pdJOgMVXcsXYej5MtHMa4H_CVYF8qaac1NOZhhMjwnSMLmegHRYvzxdkR2eiGgHc06zVMmxKhrKe6IJ-QGyZ7uzrlm-g"
}
2023-01-06 13:46:46.110 +00:00 [INF] Getting user details...
2023-01-06 13:46:46.208 +00:00 [INF] {
  "sub": "115447756167212656420",
  "name": "Tim Cooke",
  "given_name": "Tim",
  "family_name": "Cooke",
  "picture": "https://lh3.googleusercontent.com/a/AEdFTp4PzdD8i8ZbKzXXGTrVHD_B9IpLpRnW29OczGbC\u003ds96-c",
  "email": "tim.cooke@solirius.com",
  "email_verified": true,
  "locale": "en-GB",
  "hd": "solirius.com"
}
2023-01-06 13:46:46.232 +00:00 [INF] Welcome Tim Cooke - tim.cooke@solirius.com
2023-01-06 13:46:55.783 +00:00 [INF] Preparing data ...
2023-01-06 13:48:56.908 +00:00 [ERR] Exception whilst saving the Id Map in Azure
System.Net.Http.HttpRequestException: Response status code does not indicate success: 400 (Bad Request).
   at System.Net.Http.HttpResponseMessage.EnsureSuccessStatusCode()
   at TimsTool.DataService.ResultsDataClient.SaveIdMapAsync(IdMap map) in D:\projects\source\TimsTool\TimsTool\DataService\ResultsDataClient.cs:line 99
   at TimsTool.TreeWindow.SaveIdMap() in D:\projects\source\TimsTool\TimsTool\TreeWindow.xaml.cs:line 318
2023-01-06 15:35:21.336 +00:00 [INF] Started ResultsTree
2023-01-06 15:35:26.200 +00:00 [INF] Detected internet connection
2023-01-06 15:35:26.231 +00:00 [INF] Checking web for sign in page
2023-01-06 15:36:23.209 +00:00 [INF] Detected internet connection
2023-01-06 15:36:23.210 +00:00 [INF] Checking web for sign in page
2023-01-06 15:36:25.702 +00:00 [INF] Authorization code: 4/0AWgavdc-K5tusvqMuWZDSmN7-7HIWsFYwdXb8IRTsAnaQ75uDTcKzCW-GhYg-91Bi2zbSQ
2023-01-06 15:36:25.707 +00:00 [INF] Checking authentication tokens
2023-01-06 15:36:26.030 +00:00 [INF] {
  "access_token": "ya29.a0AX9GBdV1WCeS0tr1iwRVkK985aX4qTHLyCHZb1B1cqdgC-5-hioJl4R6EmbPIXDtkV9GCnLpGephXhnHh1xaM7V5k0cjppw0Zj1LPGPuYDercI_BL1AI3YbZhaigCmLgNdB_eM6wjFLVFmPQLJ8NBc8atW12aCgYKASwSARISFQHUCsbC4ul18HnGJ89sP0X_PMtXtw0163",
  "expires_in": 3599,
  "refresh_token": "1//038P5mkEe40CLCgYIARAAGAMSNwF-L9IrCH0xjYEz3Ap7qTfgwlAJpwPoMzUQJMyt3HJNvvvUs8K2Z53-R73qSQUHjKs-5v38h9E",
  "scope": "https://www.googleapis.com/auth/userinfo.profile https://www.googleapis.com/auth/userinfo.email openid",
  "token_type": "Bearer",
  "id_token": "eyJhbGciOiJSUzI1NiIsImtpZCI6IjhlMGFjZjg5MWUwOTAwOTFlZjFhNWU3ZTY0YmFiMjgwZmQxNDQ3ZmEiLCJ0eXAiOiJKV1QifQ.eyJpc3MiOiJodHRwczovL2FjY291bnRzLmdvb2dsZS5jb20iLCJhenAiOiI0MTUxODM2MTI3MTMtZmNnMDRodDhuZ3Nobml0ZWluMGI0cm1raDc2YzJqaGEuYXBwcy5nb29nbGV1c2VyY29udGVudC5jb20iLCJhdWQiOiI0MTUxODM2MTI3MTMtZmNnMDRodDhuZ3Nobml0ZWluMGI0cm1raDc2YzJqaGEuYXBwcy5nb29nbGV1c2VyY29udGVudC5jb20iLCJzdWIiOiIxMTU0NDc3NTYxNjcyMTI2NTY0MjAiLCJoZCI6InNvbGlyaXVzLmNvbSIsImVtYWlsIjoidGltLmNvb2tlQHNvbGlyaXVzLmNvbSIsImVtYWlsX3ZlcmlmaWVkIjp0cnVlLCJhdF9oYXNoIjoiMFp6NGpQcDdic2FJNDg5aVR0c0ozZyIsIm5hbWUiOiJUaW0gQ29va2UiLCJwaWN0dXJlIjoiaHR0cHM6Ly9saDMuZ29vZ2xldXNlcmNvbnRlbnQuY29tL2EvQUVkRlRwNFB6ZEQ4aThaYkt6WFhHVHJWSERfQjlJcExwUm5XMjlPY3pHYkM9czk2LWMiLCJnaXZlbl9uYW1lIjoiVGltIiwiZmFtaWx5X25hbWUiOiJDb29rZSIsImxvY2FsZSI6ImVuLUdCIiwiaWF0IjoxNjczMDE5Mzg2LCJleHAiOjE2NzMwMjI5ODZ9.pVN3f6YHUhEXZV4PNM-5NBYEApD5zLHDg5VGggy6Ef8e7ie0GuKhWzchYeljvZBoLXWA3jVC9xjvbb3GHf4D7NuE643ss5ph5zvKsrqe6sR_MvOUGjdczyT7SpGsnVVvNyhAkprqM2kFyHvqbRkN_HdARh81jrdqX2yjk-0kwqh-x2DfENE5CDW4Tugx7YfBcJsG-PU9W0Wqe_SkawJ0Ad4uQeg0ft4Vlu85c0I_9_LCClZLfsMsgGa7RYeDskNkow-gbz0nSS4i49klX7D4QEGVh8gXnTOPuWcJ_YVRCW6TWVx6_tpGMUvqQHiVloCdPs_7UA45FYfIsIaZxG9hpw"
}
2023-01-06 15:36:26.053 +00:00 [INF] Getting user details...
2023-01-06 15:36:26.183 +00:00 [INF] {
  "sub": "115447756167212656420",
  "name": "Tim Cooke",
  "given_name": "Tim",
  "family_name": "Cooke",
  "picture": "https://lh3.googleusercontent.com/a/AEdFTp4PzdD8i8ZbKzXXGTrVHD_B9IpLpRnW29OczGbC\u003ds96-c",
  "email": "tim.cooke@solirius.com",
  "email_verified": true,
  "locale": "en-GB",
  "hd": "solirius.com"
}
2023-01-06 15:36:26.209 +00:00 [INF] Welcome Tim Cooke - tim.cooke@solirius.com
2023-01-06 15:36:57.056 +00:00 [INF] Authorization code: 4/0AWgavdfUPNtRT9LWrOPrDbLG131Qhx2LiGkOjceow6AJPzqav2ohE6PyJIdSeuHiVcGBOw
2023-01-06 15:36:57.057 +00:00 [INF] Checking authentication tokens
2023-01-06 15:36:57.212 +00:00 [INF] {
  "access_token": "ya29.a0AX9GBdUtUOwzCIB-slV0Q162fx9GcnqWzZQWD_lhiUPnE2yIvCJVHaketizF4JDBRb5hhyvLPO4RWzcEerIrnPpDgg5Q7aXzRorR3yYWPtGpmgryX42BJI-cLrCGo64OhYFIeuxBpDx1oHK_ZkikJsLfm1ZPaCgYKAUYSARISFQHUCsbCnZXP0gm2Irpq5Fa1BHbq9g0163",
  "expires_in": 3599,
  "refresh_token": "1//03JkKUDwUzY1jCgYIARAAGAMSNwF-L9Ir4GmRmQ53-XPD7MeIx_kPeZ1-9povKW3xOQjViT9lPF79aZFyoyNv_linhKdBGzxaJ5A",
  "scope": "openid https://www.googleapis.com/auth/userinfo.email https://www.googleapis.com/auth/userinfo.profile",
  "token_type": "Bearer",
  "id_token": "eyJhbGciOiJSUzI1NiIsImtpZCI6IjhlMGFjZjg5MWUwOTAwOTFlZjFhNWU3ZTY0YmFiMjgwZmQxNDQ3ZmEiLCJ0eXAiOiJKV1QifQ.eyJpc3MiOiJodHRwczovL2FjY291bnRzLmdvb2dsZS5jb20iLCJhenAiOiI0MTUxODM2MTI3MTMtZmNnMDRodDhuZ3Nobml0ZWluMGI0cm1raDc2YzJqaGEuYXBwcy5nb29nbGV1c2VyY29udGVudC5jb20iLCJhdWQiOiI0MTUxODM2MTI3MTMtZmNnMDRodDhuZ3Nobml0ZWluMGI0cm1raDc2YzJqaGEuYXBwcy5nb29nbGV1c2VyY29udGVudC5jb20iLCJzdWIiOiIxMTU0NDc3NTYxNjcyMTI2NTY0MjAiLCJoZCI6InNvbGlyaXVzLmNvbSIsImVtYWlsIjoidGltLmNvb2tlQHNvbGlyaXVzLmNvbSIsImVtYWlsX3ZlcmlmaWVkIjp0cnVlLCJhdF9oYXNoIjoiN0VlajVZa3hWbUdxSlFwNE9QZF9tUSIsIm5hbWUiOiJUaW0gQ29va2UiLCJwaWN0dXJlIjoiaHR0cHM6Ly9saDMuZ29vZ2xldXNlcmNvbnRlbnQuY29tL2EvQUVkRlRwNFB6ZEQ4aThaYkt6WFhHVHJWSERfQjlJcExwUm5XMjlPY3pHYkM9czk2LWMiLCJnaXZlbl9uYW1lIjoiVGltIiwiZmFtaWx5X25hbWUiOiJDb29rZSIsImxvY2FsZSI6ImVuLUdCIiwiaWF0IjoxNjczMDE5NDE3LCJleHAiOjE2NzMwMjMwMTd9.Gg9rjPfqttFCaNUkPzlSIVmWgRlb0iCKQT5Lm0l4ufuEq1VVfwSAu9A6O2ZNM2pBcYYQt5VVRqYYWlsYDpErKTGX_gpZizmXFWAnMQp4UrPSPy9FupQbV8PO-TlmbuK3kalsT9mxUjHo5-7x5FXeviPcd7XCRq2uNG-tt7vRK66amGdaZi_zd9aDGlgOG2HUh-IT0YULkW_dNK724haRwCsX-q0HQ2bBEmMdn_QTnaD3Ss78cQpGSD-GnVbdn6JbhtdUJieuDkjYtHBi4jtygRJG2RYBpGC8lBofrkJzeddJDWKz49RfsuKmyqSE7woKFW87aX_1xn-xYOPPfT0vMQ"
}
2023-01-06 15:36:57.213 +00:00 [INF] Getting user details...
2023-01-06 15:36:57.308 +00:00 [INF] {
  "sub": "115447756167212656420",
  "name": "Tim Cooke",
  "given_name": "Tim",
  "family_name": "Cooke",
  "picture": "https://lh3.googleusercontent.com/a/AEdFTp4PzdD8i8ZbKzXXGTrVHD_B9IpLpRnW29OczGbC\u003ds96-c",
  "email": "tim.cooke@solirius.com",
  "email_verified": true,
  "locale": "en-GB",
  "hd": "solirius.com"
}
2023-01-06 15:36:57.309 +00:00 [INF] Welcome Tim Cooke - tim.cooke@solirius.com
2023-01-06 15:37:03.699 +00:00 [INF] Preparing data ...
2023-01-06 15:38:53.834 +00:00 [INF] Saved data file
2023-01-06 15:52:25.941 +00:00 [INF] Started ResultsTree
2023-01-06 15:52:38.729 +00:00 [INF] Detected internet connection
2023-01-06 15:52:38.752 +00:00 [INF] Checking web for sign in page
2023-01-06 15:52:41.928 +00:00 [INF] Authorization code: 4/0AWgavdeSVJT5y8w3tbLGeVYcteAN-N0CWF6T5gdC7oxyHrboD-C9jG07TFs9OL-MO7Ji4g
2023-01-06 15:52:41.933 +00:00 [INF] Checking authentication tokens
2023-01-06 15:52:42.298 +00:00 [INF] {
  "access_token": "ya29.a0AX9GBdWnrRhNEBpmUy6teqO_dPkAS-sNd7LDYpgWv_TltGyrxiqREHvbHDVlvnSINWFXn5QCXi0zNAhw7PXqnw0GnQspXx_lIbtdN6WR_wxWo8Mpl10rVq8zhlTiyD6hmqfbs-7w6ErwW6PU-5ibR6Y3IikUaCgYKAUYSARISFQHUCsbCy8_4nCmmkKSE-OwEl0f32w0163",
  "expires_in": 3599,
  "refresh_token": "1//03MKk0pTc4j6eCgYIARAAGAMSNwF-L9IrGZPahgLBNQiY8zweyTyzOGORMS_4z3JbOY2hZOitIYiuZZwLAgU_ex_2J5JyVOM2s14",
  "scope": "openid https://www.googleapis.com/auth/userinfo.email https://www.googleapis.com/auth/userinfo.profile",
  "token_type": "Bearer",
  "id_token": "eyJhbGciOiJSUzI1NiIsImtpZCI6IjhlMGFjZjg5MWUwOTAwOTFlZjFhNWU3ZTY0YmFiMjgwZmQxNDQ3ZmEiLCJ0eXAiOiJKV1QifQ.eyJpc3MiOiJodHRwczovL2FjY291bnRzLmdvb2dsZS5jb20iLCJhenAiOiI0MTUxODM2MTI3MTMtZmNnMDRodDhuZ3Nobml0ZWluMGI0cm1raDc2YzJqaGEuYXBwcy5nb29nbGV1c2VyY29udGVudC5jb20iLCJhdWQiOiI0MTUxODM2MTI3MTMtZmNnMDRodDhuZ3Nobml0ZWluMGI0cm1raDc2YzJqaGEuYXBwcy5nb29nbGV1c2VyY29udGVudC5jb20iLCJzdWIiOiIxMTU0NDc3NTYxNjcyMTI2NTY0MjAiLCJoZCI6InNvbGlyaXVzLmNvbSIsImVtYWlsIjoidGltLmNvb2tlQHNvbGlyaXVzLmNvbSIsImVtYWlsX3ZlcmlmaWVkIjp0cnVlLCJhdF9oYXNoIjoid2E5SjRmVzVhWEM0UDZ0UllmaGxtQSIsIm5hbWUiOiJUaW0gQ29va2UiLCJwaWN0dXJlIjoiaHR0cHM6Ly9saDMuZ29vZ2xldXNlcmNvbnRlbnQuY29tL2EvQUVkRlRwNFB6ZEQ4aThaYkt6WFhHVHJWSERfQjlJcExwUm5XMjlPY3pHYkM9czk2LWMiLCJnaXZlbl9uYW1lIjoiVGltIiwiZmFtaWx5X25hbWUiOiJDb29rZSIsImxvY2FsZSI6ImVuLUdCIiwiaWF0IjoxNjczMDIwMzYyLCJleHAiOjE2NzMwMjM5NjJ9.j9cSjscI83dMkZPkJV15V-1m_f8g0190_TdF4tYFuZQcSaYVTzha4lDma-4tndq4nSVLftrIM1o342_r90vqEEsU6FExl5oieLHn6hslklBhaKgav5sDzGgJmzju_MumQr36Y80GK48OoAPNMR48y40Iz9Z-FNQoPeL83125YFFCpBCYi8bKLiL9rLTLX9olRFzBNbFMuvCeVysZl00yKoZZ4tne5PSsoKOm2brR6vGbKzIHrcq-qrEqKcSUeIDkG_G-SRSn9l1X3VPiTALL1-GxXojlhQ1qtrEA9OC2TTLhZkR-9KWxVlBSQGqHTcmEPLNetIksbfkOq43LNRWp2A"
}
2023-01-06 15:52:42.319 +00:00 [INF] Getting user details...
2023-01-06 15:52:42.430 +00:00 [INF] {
  "sub": "115447756167212656420",
  "name": "Tim Cooke",
  "given_name": "Tim",
  "family_name": "Cooke",
  "picture": "https://lh3.googleusercontent.com/a/AEdFTp4PzdD8i8ZbKzXXGTrVHD_B9IpLpRnW29OczGbC\u003ds96-c",
  "email": "tim.cooke@solirius.com",
  "email_verified": true,
  "locale": "en-GB",
  "hd": "solirius.com"
}
2023-01-06 15:52:42.449 +00:00 [INF] Welcome Tim Cooke - tim.cooke@solirius.com
2023-01-06 15:52:50.526 +00:00 [INF] Preparing data ...
2023-01-06 15:54:37.330 +00:00 [ERR] Exception whilst saving the Id Map in Azure
System.Net.Http.HttpRequestException: Response status code does not indicate success: 400 (Bad Request).
   at System.Net.Http.HttpResponseMessage.EnsureSuccessStatusCode()
   at TimsTool.DataService.ResultsDataClient.SaveIdMapAsync(IdMap map) in D:\projects\source\TimsTool\TimsTool\DataService\ResultsDataClient.cs:line 99
   at TimsTool.TreeWindow.SaveIdMap() in D:\projects\source\TimsTool\TimsTool\TreeWindow.xaml.cs:line 318
2023-01-06 15:54:53.373 +00:00 [ERR] Exception whilst saving the Id Map in Azure
System.Net.Http.HttpRequestException: Response status code does not indicate success: 400 (Bad Request).
   at System.Net.Http.HttpResponseMessage.EnsureSuccessStatusCode()
   at TimsTool.DataService.ResultsDataClient.SaveIdMapAsync(IdMap map) in D:\projects\source\TimsTool\TimsTool\DataService\ResultsDataClient.cs:line 99
   at TimsTool.TreeWindow.SaveIdMap() in D:\projects\source\TimsTool\TimsTool\TreeWindow.xaml.cs:line 318
2023-01-06 16:02:47.709 +00:00 [INF] Started ResultsTree
2023-01-06 16:03:26.901 +00:00 [INF] Started ResultsTree
2023-01-06 16:03:30.982 +00:00 [INF] Detected internet connection
2023-01-06 16:03:31.006 +00:00 [INF] Checking web for sign in page
2023-01-06 16:03:34.567 +00:00 [INF] Authorization code: 4/0AWgavddZ0CKaEoIEWgYAC4C-stOxWfN5VrpNPTH7ujLJWROMBQruFMPvLbpOfLHU9mvdPw
2023-01-06 16:03:34.572 +00:00 [INF] Checking authentication tokens
2023-01-06 16:03:34.924 +00:00 [INF] {
  "access_token": "ya29.a0AX9GBdXWfhq3s0tdhrIJS_IshSUIPSIKgdzZzG6L6c6SPBjWPjVmmEufNVhGJBa8YZIQvk0qYqvRryldGCxJHPy4D6jieghhDzI9NWiww6XDmY5yKub-B0Dl9g9Mk1cCKOsttH_h_GKoS2kS8RetPwjfRfoeaCgYKAWgSARISFQHUCsbC3DIaa8PJbLhyA6_ftEjhWg0163",
  "expires_in": 3599,
  "refresh_token": "1//03VoNKv3b7ba1CgYIARAAGAMSNwF-L9IrkMgBv3Nbm7gu2d9x4zo4mPixv22NfKhLZ_Aq2a1qqm_EAbHUs9M912AqrCFhOwcfEKA",
  "scope": "openid https://www.googleapis.com/auth/userinfo.email https://www.googleapis.com/auth/userinfo.profile",
  "token_type": "Bearer",
  "id_token": "eyJhbGciOiJSUzI1NiIsImtpZCI6IjhlMGFjZjg5MWUwOTAwOTFlZjFhNWU3ZTY0YmFiMjgwZmQxNDQ3ZmEiLCJ0eXAiOiJKV1QifQ.eyJpc3MiOiJodHRwczovL2FjY291bnRzLmdvb2dsZS5jb20iLCJhenAiOiI0MTUxODM2MTI3MTMtZmNnMDRodDhuZ3Nobml0ZWluMGI0cm1raDc2YzJqaGEuYXBwcy5nb29nbGV1c2VyY29udGVudC5jb20iLCJhdWQiOiI0MTUxODM2MTI3MTMtZmNnMDRodDhuZ3Nobml0ZWluMGI0cm1raDc2YzJqaGEuYXBwcy5nb29nbGV1c2VyY29udGVudC5jb20iLCJzdWIiOiIxMTU0NDc3NTYxNjcyMTI2NTY0MjAiLCJoZCI6InNvbGlyaXVzLmNvbSIsImVtYWlsIjoidGltLmNvb2tlQHNvbGlyaXVzLmNvbSIsImVtYWlsX3ZlcmlmaWVkIjp0cnVlLCJhdF9oYXNoIjoicEtzVkhsM0tIbXFGbnhrUGYwcWI4USIsIm5hbWUiOiJUaW0gQ29va2UiLCJwaWN0dXJlIjoiaHR0cHM6Ly9saDMuZ29vZ2xldXNlcmNvbnRlbnQuY29tL2EvQUVkRlRwNFB6ZEQ4aThaYkt6WFhHVHJWSERfQjlJcExwUm5XMjlPY3pHYkM9czk2LWMiLCJnaXZlbl9uYW1lIjoiVGltIiwiZmFtaWx5X25hbWUiOiJDb29rZSIsImxvY2FsZSI6ImVuLUdCIiwiaWF0IjoxNjczMDIxMDE1LCJleHAiOjE2NzMwMjQ2MTV9.gk2u6ftInqcma30pHTn4eCoGk-_tL09l2VG-aq3KppMJ-M1DBsN0e4u1HGkBsO9scRK9Tfq1iUVVMN8BZcVYrvBx2WbJd67cAc6aLJLFk8VhJFT-mjQHdg5AqIQV9A8NLkk1iLAIkQHT0ICjZp3igTYhcataZFZk6n_91NXCNgCAqxOrWuo9rGDHnEFIc6f5JS2qlSDsl0c8MBcE9VJHHEj6thY5KvY3bUfnVHF7AhYsTRmQpidFXMFVzXleVbMgwCkUV69RoAc_WG_ydxAMFzAoYePpf-GTHHDjzjycO1txBlrd92SoRgdv1jB_qVh9TTA12EvFzT4DEphBDwyNtw"
}
2023-01-06 16:03:34.946 +00:00 [INF] Getting user details...
2023-01-06 16:03:35.061 +00:00 [INF] {
  "sub": "115447756167212656420",
  "name": "Tim Cooke",
  "given_name": "Tim",
  "family_name": "Cooke",
  "picture": "https://lh3.googleusercontent.com/a/AEdFTp4PzdD8i8ZbKzXXGTrVHD_B9IpLpRnW29OczGbC\u003ds96-c",
  "email": "tim.cooke@solirius.com",
  "email_verified": true,
  "locale": "en-GB",
  "hd": "solirius.com"
}
2023-01-06 16:03:35.080 +00:00 [INF] Welcome Tim Cooke - tim.cooke@solirius.com
2023-01-06 16:03:48.657 +00:00 [INF] Preparing data ...
2023-01-06 16:05:29.563 +00:00 [ERR] Exception whilst saving the Id Map in Azure
System.Net.Http.HttpRequestException: Response status code does not indicate success: 400 (Bad Request).
   at System.Net.Http.HttpResponseMessage.EnsureSuccessStatusCode()
   at TimsTool.DataService.ResultsDataClient.SaveIdMapAsync(IdMap map) in D:\projects\source\TimsTool\TimsTool\DataService\ResultsDataClient.cs:line 99
   at TimsTool.TreeWindow.SaveIdMap() in D:\projects\source\TimsTool\TimsTool\TreeWindow.xaml.cs:line 318
2023-01-06 16:07:17.591 +00:00 [INF] Saved data file
2023-01-06 16:18:05.819 +00:00 [INF] Started ResultsTree
2023-01-06 16:18:22.951 +00:00 [INF] Detected internet connection
2023-01-06 16:18:22.974 +00:00 [INF] Checking web for sign in page
2023-01-06 16:18:26.351 +00:00 [INF] Authorization code: 4/0AWgavdc6aBqc2hpt_FZzvoqMPmo4Aa6rZKyHipSk2pXkYs8omp7HjjuAUibQmW7hnpGGBw
2023-01-06 16:18:26.356 +00:00 [INF] Checking authentication tokens
2023-01-06 16:18:26.730 +00:00 [INF] {
  "access_token": "ya29.a0AX9GBdWKnBbCJVKYC23twPMTO3ehkFJCq2I_wpBh84hPocSMEYrhJ47i4hbPNpfnlVHI7GYfAhoEuuLMOfgEx-BbvjL7mE7NAppuIEfNFh1ufe7KLn1gZ9kq5P4-qHMrf3hXLnKNePaMG23Fha5dIRf9yu9OaCgYKAYkSARISFQHUCsbCahXblQ8rqfAWnBMJVdpC8Q0163",
  "expires_in": 3599,
  "refresh_token": "1//03Vpg20BJp3hYCgYIARAAGAMSNwF-L9IrnbYG-IVw_wOb-myGP9gyKxvHDmabVSC5_LyHQWyCRVvQEaoeUxaTZU-n19eJYB_rBPo",
  "scope": "https://www.googleapis.com/auth/userinfo.email https://www.googleapis.com/auth/userinfo.profile openid",
  "token_type": "Bearer",
  "id_token": "eyJhbGciOiJSUzI1NiIsImtpZCI6IjhlMGFjZjg5MWUwOTAwOTFlZjFhNWU3ZTY0YmFiMjgwZmQxNDQ3ZmEiLCJ0eXAiOiJKV1QifQ.eyJpc3MiOiJodHRwczovL2FjY291bnRzLmdvb2dsZS5jb20iLCJhenAiOiI0MTUxODM2MTI3MTMtZmNnMDRodDhuZ3Nobml0ZWluMGI0cm1raDc2YzJqaGEuYXBwcy5nb29nbGV1c2VyY29udGVudC5jb20iLCJhdWQiOiI0MTUxODM2MTI3MTMtZmNnMDRodDhuZ3Nobml0ZWluMGI0cm1raDc2YzJqaGEuYXBwcy5nb29nbGV1c2VyY29udGVudC5jb20iLCJzdWIiOiIxMTU0NDc3NTYxNjcyMTI2NTY0MjAiLCJoZCI6InNvbGlyaXVzLmNvbSIsImVtYWlsIjoidGltLmNvb2tlQHNvbGlyaXVzLmNvbSIsImVtYWlsX3ZlcmlmaWVkIjp0cnVlLCJhdF9oYXNoIjoiVWhDMF9tRlBVTzNNWXhWYVBqWnFHUSIsIm5hbWUiOiJUaW0gQ29va2UiLCJwaWN0dXJlIjoiaHR0cHM6Ly9saDMuZ29vZ2xldXNlcmNvbnRlbnQuY29tL2EvQUVkRlRwNFB6ZEQ4aThaYkt6WFhHVHJWSERfQjlJcExwUm5XMjlPY3pHYkM9czk2LWMiLCJnaXZlbl9uYW1lIjoiVGltIiwiZmFtaWx5X25hbWUiOiJDb29rZSIsImxvY2FsZSI6ImVuLUdCIiwiaWF0IjoxNjczMDIxOTA3LCJleHAiOjE2NzMwMjU1MDd9.PfvH0iWjJWaI72HMg-A2BwV7XSKO-zlqWKi3-MrYAn6wy4AIl0GyI5W49QaWRlIAxodOjBMIQEA9bEUpTzWseu7MrlZTwDs9MGaSHDXarOoTTJM8lickIurGa6ga_l6J9i4S9zC07yfhJCHKR_H3ZRsmo3fOghi0Z_LG9CJaOFbBw2xKBXGWKujtOhZY4UkHCVmK_4-VYLPDtjaGGz9WjIZLkGKV4mBdv9YtuM9FtsVufuIXiNGKD5ukE-AjqfCjPG5oXpNZ7loG9mh_aUCk-63L9MpbX1spk73ACKbqxB-fEy3nf0PdrfVL93aHfhiAj88DizJMBoLbfWZ0Atbr2g"
}
2023-01-06 16:18:26.757 +00:00 [INF] Getting user details...
2023-01-06 16:18:26.874 +00:00 [INF] {
  "sub": "115447756167212656420",
  "name": "Tim Cooke",
  "given_name": "Tim",
  "family_name": "Cooke",
  "picture": "https://lh3.googleusercontent.com/a/AEdFTp4PzdD8i8ZbKzXXGTrVHD_B9IpLpRnW29OczGbC\u003ds96-c",
  "email": "tim.cooke@solirius.com",
  "email_verified": true,
  "locale": "en-GB",
  "hd": "solirius.com"
}
2023-01-06 16:18:26.900 +00:00 [INF] Welcome Tim Cooke - tim.cooke@solirius.com
2023-01-06 16:18:41.807 +00:00 [INF] Preparing data ...
2023-01-06 16:22:10.828 +00:00 [ERR] Exception whilst saving the Id Map in Azure
System.Net.Http.HttpRequestException: Response status code does not indicate success: 400 (Bad Request).
   at System.Net.Http.HttpResponseMessage.EnsureSuccessStatusCode()
   at TimsTool.DataService.ResultsDataClient.SaveIdMapAsync(IdMap map) in D:\projects\source\TimsTool\TimsTool\DataService\ResultsDataClient.cs:line 99
   at TimsTool.TreeWindow.SaveIdMap() in D:\projects\source\TimsTool\TimsTool\TreeWindow.xaml.cs:line 318
2023-01-06 16:26:07.479 +00:00 [INF] Saved data file
2023-01-06 16:26:53.455 +00:00 [INF] Started ResultsTree
2023-01-06 16:26:58.433 +00:00 [INF] Detected internet connection
2023-01-06 16:26:58.458 +00:00 [INF] Checking web for sign in page
2023-01-06 16:27:01.374 +00:00 [INF] Authorization code: 4/0AWgavdf2CNOxZNXEfrjLPrJcrkpo6LHssGY-8c2Xz2iUZkECypgfn8Kcj_-VQ-estqeZfQ
2023-01-06 16:27:01.379 +00:00 [INF] Checking authentication tokens
2023-01-06 16:27:01.723 +00:00 [INF] {
  "access_token": "ya29.a0AX9GBdXRprgPndc54GCZDF4XryxtO2CI1bTu-7AcQR7kV92b3UIn5oyNirTlT_76wCh1q57KMoOCzhoMoB4iR1G8bl4HogRm7iump8-Jyi40tfHKpMCVx8hj0mUpRk4dDPTqb3LoiHjfaVukXyp2E42DtnfnaCgYKAZQSARISFQHUCsbCbF0ix6kqDgU4V3P1q9garw0163",
  "expires_in": 3599,
  "refresh_token": "1//03lOtOLtXF5_0CgYIARAAGAMSNwF-L9Irk4GK1mYoROgY_wJrfHMU1qugtQRnYQfOc8XAkG3T5xQWXfzv3Mua23phR95U6IxOOf0",
  "scope": "https://www.googleapis.com/auth/userinfo.email openid https://www.googleapis.com/auth/userinfo.profile",
  "token_type": "Bearer",
  "id_token": "eyJhbGciOiJSUzI1NiIsImtpZCI6IjhlMGFjZjg5MWUwOTAwOTFlZjFhNWU3ZTY0YmFiMjgwZmQxNDQ3ZmEiLCJ0eXAiOiJKV1QifQ.eyJpc3MiOiJodHRwczovL2FjY291bnRzLmdvb2dsZS5jb20iLCJhenAiOiI0MTUxODM2MTI3MTMtZmNnMDRodDhuZ3Nobml0ZWluMGI0cm1raDc2YzJqaGEuYXBwcy5nb29nbGV1c2VyY29udGVudC5jb20iLCJhdWQiOiI0MTUxODM2MTI3MTMtZmNnMDRodDhuZ3Nobml0ZWluMGI0cm1raDc2YzJqaGEuYXBwcy5nb29nbGV1c2VyY29udGVudC5jb20iLCJzdWIiOiIxMTU0NDc3NTYxNjcyMTI2NTY0MjAiLCJoZCI6InNvbGlyaXVzLmNvbSIsImVtYWlsIjoidGltLmNvb2tlQHNvbGlyaXVzLmNvbSIsImVtYWlsX3ZlcmlmaWVkIjp0cnVlLCJhdF9oYXNoIjoiMTdsUXVOZFFRdVV2T2pDajBfeEItQSIsIm5hbWUiOiJUaW0gQ29va2UiLCJwaWN0dXJlIjoiaHR0cHM6Ly9saDMuZ29vZ2xldXNlcmNvbnRlbnQuY29tL2EvQUVkRlRwNFB6ZEQ4aThaYkt6WFhHVHJWSERfQjlJcExwUm5XMjlPY3pHYkM9czk2LWMiLCJnaXZlbl9uYW1lIjoiVGltIiwiZmFtaWx5X25hbWUiOiJDb29rZSIsImxvY2FsZSI6ImVuLUdCIiwiaWF0IjoxNjczMDIyNDIyLCJleHAiOjE2NzMwMjYwMjJ9.sMhTCKSaw_Ulc7l3iAf257Kom6NPEoXlUhGNEIsQf9QTz6B9R63Z_5rqYpqI7Y53r0vJHCUpos9AzI_c8JMcFdKr4WN_z5JqpF0NDHAlzNmlypQbgBmnR-0z80yNHpqcfXTxZq4QjhoOsMpFFS6R-Ga7obRZtyTvDHchWzqgt7QGZpcb-RL36GR1nMVw__E60_G9nhycK_8AWAqjO1jpjHxJWP6eGqyyUsHVlnvUKyTNSrgIwRemrHWSFnTDV-B07FSk3sY4ZLvkAsvx25ko-gP8gi9QL7KLygOTkXlmGk-l3_sWK_qO21ckKc9NKjoiOIUgsSOK7FF3RFP3a9uxbw"
}
2023-01-06 16:27:01.781 +00:00 [INF] Getting user details...
2023-01-06 16:27:01.916 +00:00 [INF] {
  "sub": "115447756167212656420",
  "name": "Tim Cooke",
  "given_name": "Tim",
  "family_name": "Cooke",
  "picture": "https://lh3.googleusercontent.com/a/AEdFTp4PzdD8i8ZbKzXXGTrVHD_B9IpLpRnW29OczGbC\u003ds96-c",
  "email": "tim.cooke@solirius.com",
  "email_verified": true,
  "locale": "en-GB",
  "hd": "solirius.com"
}
2023-01-06 16:27:01.938 +00:00 [INF] Welcome Tim Cooke - tim.cooke@solirius.com
2023-01-06 16:27:12.973 +00:00 [INF] Preparing data ...
